{"level":"info","message":"GET /api/rooms/1","service":"chat-service","timestamp":"2024-05-14 11:07:16"}
{"level":"info","message":"GET /api/rooms/1","service":"chat-service","timestamp":"2024-05-14 11:07:37"}
{"level":"info","message":"GET /api/rooms/1","service":"chat-service","timestamp":"2024-05-14 11:07:38"}
{"level":"info","message":"GET /api/rooms/1","service":"chat-service","timestamp":"2024-05-14 11:13:05"}
{"level":"info","message":"GET /api/rooms/1","service":"chat-service","timestamp":"2024-05-14 11:13:11"}
{"level":"info","message":"GET /api/rooms/1","service":"chat-service","timestamp":"2024-05-14 11:13:11"}
{"level":"info","message":"GET /api/rooms/1","service":"chat-service","timestamp":"2024-05-14 11:14:21"}
{"level":"info","message":"GET /api/rooms/1","service":"chat-service","timestamp":"2024-05-14 11:14:21"}
{"level":"info","message":"GET /api/rooms/1","service":"chat-service","timestamp":"2024-05-14 11:14:25"}
{"level":"info","message":"GET /api/rooms/1","service":"chat-service","timestamp":"2024-05-14 11:14:25"}
{"level":"info","message":"GET /api/rooms/2","service":"chat-service","timestamp":"2024-05-14 11:15:30"}
{"level":"info","message":"GET /api/rooms/2","service":"chat-service","timestamp":"2024-05-14 11:16:15"}
{"level":"info","message":"GET /api/rooms/2","service":"chat-service","timestamp":"2024-05-14 11:16:17"}
{"level":"info","message":"GET /api/rooms/2","service":"chat-service","timestamp":"2024-05-14 11:16:17"}
{"level":"info","message":"GET /api/rooms/2","service":"chat-service","timestamp":"2024-05-14 11:17:04"}
{"level":"info","message":"GET /api/rooms/2","service":"chat-service","timestamp":"2024-05-14 11:17:31"}
{"level":"info","message":"GET /api/rooms/2","service":"chat-service","timestamp":"2024-05-14 11:17:50"}
{"level":"info","message":"GET /api/rooms/2","service":"chat-service","timestamp":"2024-05-14 11:17:56"}
{"level":"info","message":"POST /api/rooms","service":"chat-service","timestamp":"2024-05-14 11:17:59"}
{"level":"info","message":"GET /api/rooms/2","service":"chat-service","timestamp":"2024-05-14 11:18:01"}
{"level":"info","message":"GET /api/rooms/1/public-keys","service":"chat-service","timestamp":"2024-05-14 11:18:02"}
{"level":"info","message":"GET /api/messages/1","service":"chat-service","timestamp":"2024-05-14 11:18:02"}
{"level":"info","message":"POST /api/messages","service":"chat-service","timestamp":"2024-05-14 11:18:07"}
{"level":"info","message":"POST /api/messages","service":"chat-service","timestamp":"2024-05-14 11:18:54"}
{"level":"info","message":"POST /api/messages","service":"chat-service","timestamp":"2024-05-14 11:18:55"}
{"level":"info","message":"POST /api/messages","service":"chat-service","timestamp":"2024-05-14 11:18:56"}
{"level":"info","message":"GET /api/rooms/1","service":"chat-service","timestamp":"2024-05-14 11:19:13"}
{"level":"info","message":"GET /api/rooms/1/public-keys","service":"chat-service","timestamp":"2024-05-14 11:19:14"}
{"level":"info","message":"GET /api/messages/1","service":"chat-service","timestamp":"2024-05-14 11:19:14"}
{"level":"info","message":"POST /api/messages","service":"chat-service","timestamp":"2024-05-14 11:19:19"}
{"level":"info","message":"POST /api/messages","service":"chat-service","timestamp":"2024-05-14 11:19:23"}
{"level":"info","message":"GET /api/rooms/1","service":"chat-service","timestamp":"2024-05-14 11:19:30"}
{"level":"info","message":"GET /api/rooms/1","service":"chat-service","timestamp":"2024-05-14 11:19:30"}
{"level":"info","message":"GET /api/rooms/1","service":"chat-service","timestamp":"2024-05-14 11:19:33"}
{"level":"info","message":"GET /api/messages/1","service":"chat-service","timestamp":"2024-05-14 11:19:34"}
{"level":"info","message":"GET /api/rooms/1/public-keys","service":"chat-service","timestamp":"2024-05-14 11:19:34"}
{"level":"info","message":"POST /api/messages","service":"chat-service","timestamp":"2024-05-14 11:19:42"}
{"level":"info","message":"POST /api/messages","service":"chat-service","timestamp":"2024-05-14 11:19:45"}
{"level":"info","message":"POST /api/messages","service":"chat-service","timestamp":"2024-05-14 11:19:46"}
{"level":"info","message":"POST /api/messages","service":"chat-service","timestamp":"2024-05-14 11:19:55"}
{"level":"info","message":"GET /api/rooms/2","service":"chat-service","timestamp":"2024-05-14 11:19:57"}
{"level":"info","message":"GET /api/rooms/2","service":"chat-service","timestamp":"2024-05-14 11:19:57"}
{"level":"info","message":"GET /api/rooms/2","service":"chat-service","timestamp":"2024-05-14 11:20:01"}
{"level":"info","message":"GET /api/rooms/1/public-keys","service":"chat-service","timestamp":"2024-05-14 11:20:10"}
{"level":"info","message":"GET /api/messages/1","service":"chat-service","timestamp":"2024-05-14 11:20:10"}
{"level":"info","message":"POST /api/messages","service":"chat-service","timestamp":"2024-05-14 11:20:23"}
{"level":"info","message":"POST /api/messages","service":"chat-service","timestamp":"2024-05-14 11:20:36"}
{"level":"info","message":"GET /api/rooms/1","service":"chat-service","timestamp":"2024-05-14 11:21:26"}
{"level":"info","message":"GET /api/rooms/2","service":"chat-service","timestamp":"2024-05-14 11:21:26"}
{"level":"info","message":"GET /api/rooms/1","service":"chat-service","timestamp":"2024-05-14 11:21:42"}
{"level":"info","message":"GET /api/rooms/2","service":"chat-service","timestamp":"2024-05-14 11:21:42"}
{"level":"info","message":"GET /api/rooms/1","service":"chat-service","timestamp":"2024-05-14 11:21:52"}
{"level":"info","message":"GET /api/rooms/2","service":"chat-service","timestamp":"2024-05-14 11:21:52"}
{"level":"info","message":"GET /api/rooms/2","service":"chat-service","timestamp":"2024-05-14 11:21:54"}
{"level":"info","message":"GET /api/rooms/1","service":"chat-service","timestamp":"2024-05-14 11:21:54"}
{"level":"info","message":"GET /api/rooms/2","service":"chat-service","timestamp":"2024-05-14 11:21:56"}
{"level":"info","message":"GET /api/rooms/2","service":"chat-service","timestamp":"2024-05-14 11:21:56"}
{"level":"info","message":"GET /api/rooms/2","service":"chat-service","timestamp":"2024-05-14 11:21:59"}
{"level":"info","message":"GET /api/messages/1","service":"chat-service","timestamp":"2024-05-14 11:22:00"}
{"level":"info","message":"GET /api/rooms/1/public-keys","service":"chat-service","timestamp":"2024-05-14 11:22:00"}
{"level":"info","message":"POST /api/messages","service":"chat-service","timestamp":"2024-05-14 11:22:11"}
{"level":"info","message":"GET /api/rooms/1","service":"chat-service","timestamp":"2024-05-14 11:22:25"}
{"level":"info","message":"GET /api/rooms/2","service":"chat-service","timestamp":"2024-05-14 11:22:25"}
{"level":"info","message":"GET /api/messages/file/1715685731805-DALL%C3%83%C2%82%C3%82%C2%B7E%202024-04-10%2004.56.50%20-%20Create%20an%20image%20representing%20a%20side-channel%20attack%20on%20a%20cryptographic%20system.%20The%20image%20should%20illustrate%20an%20attacker%20exploiting%20physical%20implementati.webp","service":"chat-service","timestamp":"2024-05-14 11:22:43"}
{"level":"info","message":"GET /api/rooms/1","service":"chat-service","timestamp":"2024-05-14 11:22:43"}
{"level":"info","message":"GET /api/messages/file/1715685731805-DALL%C3%83%C2%82%C3%82%C2%B7E%202024-04-10%2004.56.50%20-%20Create%20an%20image%20representing%20a%20side-channel%20attack%20on%20a%20cryptographic%20system.%20The%20image%20should%20illustrate%20an%20attacker%20exploiting%20physical%20implementati.webp","service":"chat-service","timestamp":"2024-05-14 11:22:43"}
{"level":"info","message":"GET /api/messages/file/1715685582702-1715678187865-362b019a-5e16-48cb-a868-8c9422d0d188.webp","service":"chat-service","timestamp":"2024-05-14 11:22:44"}
{"level":"info","message":"GET /api/messages/file/1715685586430-1715678187865-362b019a-5e16-48cb-a868-8c9422d0d188.webp","service":"chat-service","timestamp":"2024-05-14 11:22:44"}
{"level":"info","message":"GET /api/messages/file/1715685585592-1715678187865-362b019a-5e16-48cb-a868-8c9422d0d188.webp","service":"chat-service","timestamp":"2024-05-14 11:22:44"}
{"level":"info","message":"GET /api/messages/file/1715685731805-DALL%C3%83%C2%82%C3%82%C2%B7E%202024-04-10%2004.56.50%20-%20Create%20an%20image%20representing%20a%20side-channel%20attack%20on%20a%20cryptographic%20system.%20The%20image%20should%20illustrate%20an%20attacker%20exploiting%20physical%20implementati.webp","service":"chat-service","timestamp":"2024-05-14 11:22:44"}
{"level":"info","message":"GET /api/messages/file/1715685595316-1715678187865-362b019a-5e16-48cb-a868-8c9422d0d188.webp","service":"chat-service","timestamp":"2024-05-14 11:22:44"}
{"level":"info","message":"GET /api/rooms/2","service":"chat-service","timestamp":"2024-05-14 11:22:44"}
{"level":"info","message":"GET /api/messages/file/1715685582702-1715678187865-362b019a-5e16-48cb-a868-8c9422d0d188.webp","service":"chat-service","timestamp":"2024-05-14 11:22:44"}
{"level":"info","message":"GET /api/messages/file/1715685585592-1715678187865-362b019a-5e16-48cb-a868-8c9422d0d188.webp","service":"chat-service","timestamp":"2024-05-14 11:22:44"}
{"level":"info","message":"GET /api/messages/file/1715685586430-1715678187865-362b019a-5e16-48cb-a868-8c9422d0d188.webp","service":"chat-service","timestamp":"2024-05-14 11:22:44"}
{"level":"info","message":"GET /api/messages/file/1715685731805-DALL%C3%83%C2%82%C3%82%C2%B7E%202024-04-10%2004.56.50%20-%20Create%20an%20image%20representing%20a%20side-channel%20attack%20on%20a%20cryptographic%20system.%20The%20image%20should%20illustrate%20an%20attacker%20exploiting%20physical%20implementati.webp","service":"chat-service","timestamp":"2024-05-14 11:22:44"}
{"level":"info","message":"GET /api/messages/file/1715685595316-1715678187865-362b019a-5e16-48cb-a868-8c9422d0d188.webp","service":"chat-service","timestamp":"2024-05-14 11:22:44"}
{"level":"info","message":"GET /api/rooms/1","service":"chat-service","timestamp":"2024-05-14 11:23:13"}
{"level":"info","message":"GET /api/rooms/1","service":"chat-service","timestamp":"2024-05-14 11:23:14"}
{"level":"info","message":"GET /api/rooms/1","service":"chat-service","timestamp":"2024-05-14 11:23:16"}
{"level":"info","message":"GET /api/messages/file/1715685731805-DALL%C3%83%C2%82%C3%82%C2%B7E%202024-04-10%2004.56.50%20-%20Create%20an%20image%20representing%20a%20side-channel%20attack%20on%20a%20cryptographic%20system.%20The%20image%20should%20illustrate%20an%20attacker%20exploiting%20physical%20implementati.webp","service":"chat-service","timestamp":"2024-05-14 11:23:16"}
{"level":"info","message":"GET /api/messages/file/1715685731805-DALL%C3%83%C2%82%C3%82%C2%B7E%202024-04-10%2004.56.50%20-%20Create%20an%20image%20representing%20a%20side-channel%20attack%20on%20a%20cryptographic%20system.%20The%20image%20should%20illustrate%20an%20attacker%20exploiting%20physical%20implementati.webp","service":"chat-service","timestamp":"2024-05-14 11:23:16"}
{"level":"info","message":"GET /api/messages/1","service":"chat-service","timestamp":"2024-05-14 11:23:18"}
{"level":"info","message":"GET /api/rooms/1/public-keys","service":"chat-service","timestamp":"2024-05-14 11:23:18"}
{"level":"info","message":"GET /api/messages/file/1715685586430-1715678187865-362b019a-5e16-48cb-a868-8c9422d0d188.webp","service":"chat-service","timestamp":"2024-05-14 11:23:18"}
{"level":"info","message":"GET /api/messages/file/1715685582702-1715678187865-362b019a-5e16-48cb-a868-8c9422d0d188.webp","service":"chat-service","timestamp":"2024-05-14 11:23:18"}
{"level":"info","message":"GET /api/messages/file/1715685595316-1715678187865-362b019a-5e16-48cb-a868-8c9422d0d188.webp","service":"chat-service","timestamp":"2024-05-14 11:23:18"}
{"level":"info","message":"GET /api/messages/file/1715685585592-1715678187865-362b019a-5e16-48cb-a868-8c9422d0d188.webp","service":"chat-service","timestamp":"2024-05-14 11:23:18"}
{"level":"info","message":"GET /api/messages/file/1715685582702-1715678187865-362b019a-5e16-48cb-a868-8c9422d0d188.webp","service":"chat-service","timestamp":"2024-05-14 11:23:19"}
{"level":"info","message":"GET /api/messages/file/1715685586430-1715678187865-362b019a-5e16-48cb-a868-8c9422d0d188.webp","service":"chat-service","timestamp":"2024-05-14 11:23:19"}
{"level":"info","message":"GET /api/messages/file/1715685595316-1715678187865-362b019a-5e16-48cb-a868-8c9422d0d188.webp","service":"chat-service","timestamp":"2024-05-14 11:23:19"}
{"level":"info","message":"GET /api/messages/file/1715685585592-1715678187865-362b019a-5e16-48cb-a868-8c9422d0d188.webp","service":"chat-service","timestamp":"2024-05-14 11:23:19"}
{"level":"info","message":"POST /api/messages","service":"chat-service","timestamp":"2024-05-14 11:23:31"}
{"level":"info","message":"GET /api/messages/file/1715685811589-DALL%C3%83%C2%82%C3%82%C2%B7E%202024-04-10%2004.56.50%20-%20Create%20an%20image%20representing%20a%20side-channel%20attack%20on%20a%20cryptographic%20system.%20The%20image%20should%20illustrate%20an%20attacker%20exploiting%20physical%20implementati.webp","service":"chat-service","timestamp":"2024-05-14 11:23:32"}
{"level":"info","message":"GET /api/messages/file/1715685811589-DALL%C3%83%C2%82%C3%82%C2%B7E%202024-04-10%2004.56.50%20-%20Create%20an%20image%20representing%20a%20side-channel%20attack%20on%20a%20cryptographic%20system.%20The%20image%20should%20illustrate%20an%20attacker%20exploiting%20physical%20implementati.webp","service":"chat-service","timestamp":"2024-05-14 11:23:32"}
{"level":"info","message":"GET /api/messages/file/1715685811589-DALL%C3%83%C2%82%C3%82%C2%B7E%202024-04-10%2004.56.50%20-%20Create%20an%20image%20representing%20a%20side-channel%20attack%20on%20a%20cryptographic%20system.%20The%20image%20should%20illustrate%20an%20attacker%20exploiting%20physical%20implementati.webp","service":"chat-service","timestamp":"2024-05-14 11:23:32"}
{"level":"info","message":"GET /api/messages/file/1715685811589-DALL%C3%83%C2%82%C3%82%C2%B7E%202024-04-10%2004.56.50%20-%20Create%20an%20image%20representing%20a%20side-channel%20attack%20on%20a%20cryptographic%20system.%20The%20image%20should%20illustrate%20an%20attacker%20exploiting%20physical%20implementati.webp","service":"chat-service","timestamp":"2024-05-14 11:23:32"}
